# JRE version: OpenJDK Runtime Environment (21.0.5) (build 21.0.5+-13047016-b750.29)
# Java VM: OpenJDK 64-Bit Server VM (21.0.5+-13047016-b750.29, mixed mode, tiered, compressed oops, compressed class ptrs, g1 gc, windows-amd64)
GC Precious Log:
 CardTable entry size: 512
 Card Set container configuration: InlinePtr #cards 5 size 8 Array Of Cards #cards 12 size 40 Howl #buckets 4 coarsen threshold 1843 Howl Bitmap #cards 512 size 80 coarsen threshold 460 Card regions per heap region 1 cards per card region 2048
 CPUs: 12 total, 12 available
 Memory: 16147M
 Large Page Support: Disabled
 NUMA Support: Disabled
 Compressed Oops: Enabled (32-bit)
 Heap Region Size: 1M
 Heap Min Capacity: 8M
 Heap Initial Capacity: 254M
 Heap Max Capacity: 2G
 Pre-touch: Disabled
 Parallel Workers: 10
 Concurrent Workers: 3
 Concurrent Refinement Workers: 10
 Periodic GC: Disabled
Heap:
 garbage-first heap   total 535552K, used 190477K [0x0000000080000000, 0x0000000100000000)
  region size 1024K, 34 young (34816K), 22 survivors (22528K)
 Metaspace       used 163004K, committed 165632K, reserved 1245184K
  class space    used 21306K, committed 23040K, reserved 1048576K
GC Heap History (20 events):
Event: 3405.106 GC heap before
{Heap before GC invocations=142 (full 0):
 garbage-first heap   total 535552K, used 467903K [0x0000000080000000, 0x0000000100000000)
  region size 1024K, 292 young (299008K), 19 survivors (19456K)
 Metaspace       used 160958K, committed 164352K, reserved 1245184K
  class space    used 21041K, committed 23040K, reserved 1048576K
}
Event: 3405.115 GC heap after
{Heap after GC invocations=143 (full 0):
 garbage-first heap   total 535552K, used 194350K [0x0000000080000000, 0x0000000100000000)
  region size 1024K, 25 young (25600K), 25 survivors (25600K)
 Metaspace       used 160958K, committed 164352K, reserved 1245184K
  class space    used 21041K, committed 23040K, reserved 1048576K
}
Event: 3409.494 GC heap before
{Heap before GC invocations=144 (full 0):
 garbage-first heap   total 535552K, used 448302K [0x0000000080000000, 0x0000000100000000)
  region size 1024K, 293 young (300032K), 25 survivors (25600K)
 Metaspace       used 161099K, committed 164352K, reserved 1245184K
  class space    used 21060K, committed 23040K, reserved 1048576K
}
Event: 3409.506 GC heap after
{Heap after GC invocations=145 (full 0):
 garbage-first heap   total 535552K, used 182746K [0x0000000080000000, 0x0000000100000000)
  region size 1024K, 30 young (30720K), 30 survivors (30720K)
 Metaspace       used 161099K, committed 164352K, reserved 1245184K
  class space    used 21060K, committed 23040K, reserved 1048576K
}
Event: 3440.096 GC heap before
{Heap before GC invocations=145 (full 0):
 garbage-first heap   total 535552K, used 463322K [0x0000000080000000, 0x0000000100000000)
  region size 1024K, 305 young (312320K), 30 survivors (30720K)
 Metaspace       used 161166K, committed 164352K, reserved 1245184K
  class space    used 21065K, committed 23040K, reserved 1048576K
}
Event: 3440.109 GC heap after
{Heap after GC invocations=146 (full 0):
 garbage-first heap   total 535552K, used 166050K [0x0000000080000000, 0x0000000100000000)
  region size 1024K, 29 young (29696K), 29 survivors (29696K)
 Metaspace       used 161166K, committed 164352K, reserved 1245184K
  class space    used 21065K, committed 23040K, reserved 1048576K
}
Event: 3525.389 GC heap before
{Heap before GC invocations=146 (full 0):
 garbage-first heap   total 535552K, used 456866K [0x0000000080000000, 0x0000000100000000)
  region size 1024K, 313 young (320512K), 29 survivors (29696K)
 Metaspace       used 161259K, committed 164416K, reserved 1245184K
  class space    used 21069K, committed 23040K, reserved 1048576K
}
Event: 3525.403 GC heap after
{Heap after GC invocations=147 (full 0):
 garbage-first heap   total 535552K, used 170806K [0x0000000080000000, 0x0000000100000000)
  region size 1024K, 31 young (31744K), 31 survivors (31744K)
 Metaspace       used 161259K, committed 164416K, reserved 1245184K
  class space    used 21069K, committed 23040K, reserved 1048576K
}
Event: 3535.122 GC heap before
{Heap before GC invocations=148 (full 0):
 garbage-first heap   total 535552K, used 486198K [0x0000000080000000, 0x0000000100000000)
  region size 1024K, 309 young (316416K), 31 survivors (31744K)
 Metaspace       used 162627K, committed 165312K, reserved 1245184K
  class space    used 21304K, committed 23040K, reserved 1048576K
}
Event: 3535.135 GC heap after
{Heap after GC invocations=149 (full 0):
 garbage-first heap   total 535552K, used 172770K [0x0000000080000000, 0x0000000100000000)
  region size 1024K, 29 young (29696K), 29 survivors (29696K)
 Metaspace       used 162627K, committed 165312K, reserved 1245184K
  class space    used 21304K, committed 23040K, reserved 1048576K
}
Event: 3548.365 GC heap before
{Heap before GC invocations=149 (full 0):
 garbage-first heap   total 535552K, used 453346K [0x0000000080000000, 0x0000000100000000)
  region size 1024K, 304 young (311296K), 29 survivors (29696K)
 Metaspace       used 162751K, committed 165440K, reserved 1245184K
  class space    used 21304K, committed 23040K, reserved 1048576K
}
Event: 3548.382 GC heap after
{Heap after GC invocations=150 (full 0):
 garbage-first heap   total 535552K, used 171881K [0x0000000080000000, 0x0000000100000000)
  region size 1024K, 33 young (33792K), 33 survivors (33792K)
 Metaspace       used 162751K, committed 165440K, reserved 1245184K
  class space    used 21304K, committed 23040K, reserved 1048576K
}
Event: 3548.480 GC heap before
{Heap before GC invocations=150 (full 0):
 garbage-first heap   total 535552K, used 190313K [0x0000000080000000, 0x0000000100000000)
  region size 1024K, 53 young (54272K), 33 survivors (33792K)
 Metaspace       used 162834K, committed 165504K, reserved 1245184K
  class space    used 21304K, committed 23040K, reserved 1048576K
}
Event: 3548.489 GC heap after
{Heap after GC invocations=151 (full 0):
 garbage-first heap   total 535552K, used 174274K [0x0000000080000000, 0x0000000100000000)
  region size 1024K, 5 young (5120K), 5 survivors (5120K)
 Metaspace       used 162834K, committed 165504K, reserved 1245184K
  class space    used 21304K, committed 23040K, reserved 1048576K
}
Event: 3562.016 GC heap before
{Heap before GC invocations=152 (full 0):
 garbage-first heap   total 535552K, used 492738K [0x0000000080000000, 0x0000000100000000)
  region size 1024K, 289 young (295936K), 5 survivors (5120K)
 Metaspace       used 162892K, committed 165568K, reserved 1245184K
  class space    used 21303K, committed 23040K, reserved 1048576K
}
Event: 3562.019 GC heap after
{Heap after GC invocations=153 (full 0):
 garbage-first heap   total 535552K, used 168447K [0x0000000080000000, 0x0000000100000000)
  region size 1024K, 3 young (3072K), 3 survivors (3072K)
 Metaspace       used 162892K, committed 165568K, reserved 1245184K
  class space    used 21303K, committed 23040K, reserved 1048576K
}
Event: 3570.408 GC heap before
{Heap before GC invocations=153 (full 0):
 garbage-first heap   total 535552K, used 477695K [0x0000000080000000, 0x0000000100000000)
  region size 1024K, 305 young (312320K), 3 survivors (3072K)
 Metaspace       used 162955K, committed 165632K, reserved 1245184K
  class space    used 21305K, committed 23040K, reserved 1048576K
}
Event: 3570.415 GC heap after
{Heap after GC invocations=154 (full 0):
 garbage-first heap   total 535552K, used 168995K [0x0000000080000000, 0x0000000100000000)
  region size 1024K, 11 young (11264K), 11 survivors (11264K)
 Metaspace       used 162955K, committed 165632K, reserved 1245184K
  class space    used 21305K, committed 23040K, reserved 1048576K
}
Event: 3760.684 GC heap before
{Heap before GC invocations=154 (full 0):
 garbage-first heap   total 535552K, used 477219K [0x0000000080000000, 0x0000000100000000)
  region size 1024K, 313 young (320512K), 11 survivors (11264K)
 Metaspace       used 163004K, committed 165632K, reserved 1245184K
  class space    used 21306K, committed 23040K, reserved 1048576K
}
Event: 3760.693 GC heap after
{Heap after GC invocations=155 (full 0):
 garbage-first heap   total 535552K, used 180237K [0x0000000080000000, 0x0000000100000000)
  region size 1024K, 22 young (22528K), 22 survivors (22528K)
 Metaspace       used 163004K, committed 165632K, reserved 1245184K
  class space    used 21306K, committed 23040K, reserved 1048576K
}

